build/app/intermediates/manifest_merge_blame_file/debug/manifest-merger-blame-debug-report.txt
1<?xml version="1.0" encoding="utf-8"?>
2<manifest xmlns:android="http://schemas.android.com/apk/res/android"
3    package="com.example.inmyhome"
4    android:versionCode="2"
5    android:versionName="1.0.0" >
6
7    <uses-sdk
8        android:minSdkVersion="19"
9        android:targetSdkVersion="31" />
10    <!--
11         Flutter needs it to communicate with the running application
12         to allow setting breakpoints, to provide hot reload, etc.
13    -->
14    <uses-permission android:name="android.permission.INTERNET" />
14-->src\debug\AndroidManifest.xml:6:5-67
14-->src\debug\AndroidManifest.xml:6:22-64
15    <uses-permission android:name="android.permission.ACCESS_NETWORK_STATE" />
15-->[:firebase_analytics] AndroidManifest.xml:7:5-79
15-->[:firebase_analytics] AndroidManifest.xml:7:22-76
16    <uses-permission android:name="android.permission.WAKE_LOCK" />
16-->[:firebase_analytics] AndroidManifest.xml:9:5-68
16-->[:firebase_analytics] AndroidManifest.xml:9:22-65
17    <uses-permission android:name="android.permission.CAMERA" />
17-->[:flutter_barcode_scanner] AndroidManifest.xml:9:5-65
17-->[:flutter_barcode_scanner] AndroidManifest.xml:9:22-62
18
19    <uses-feature android:name="android.hardware.camera" />
19-->[:flutter_barcode_scanner] AndroidManifest.xml:11:5-60
19-->[:flutter_barcode_scanner] AndroidManifest.xml:11:19-57
20
21    <uses-permission android:name="android.permission.FLASHLIGHT" />
21-->[:flutter_barcode_scanner] AndroidManifest.xml:13:5-69
21-->[:flutter_barcode_scanner] AndroidManifest.xml:13:22-66
22    <uses-permission android:name="com.google.android.gms.permission.AD_ID" />
22-->[com.google.android.gms:play-services-measurement-api:20.1.2] AndroidManifest.xml:25:5-79
22-->[com.google.android.gms:play-services-measurement-api:20.1.2] AndroidManifest.xml:25:22-76
23    <uses-permission android:name="com.google.android.finsky.permission.BIND_GET_INSTALL_REFERRER_SERVICE" />
23-->[com.google.android.gms:play-services-measurement:20.1.2] AndroidManifest.xml:26:5-110
23-->[com.google.android.gms:play-services-measurement:20.1.2] AndroidManifest.xml:26:22-107
24
25    <application
26        android:name="android.app.Application"
27        android:appComponentFactory="androidx.core.app.CoreComponentFactory"
27-->[androidx.core:core:1.6.0] AndroidManifest.xml:24:18-86
28        android:debuggable="true"
29        android:icon="@mipmap/ic_launcher"
30        android:label="flutter1"
31        android:largeHeap="true"
31-->[:flutter_barcode_scanner] AndroidManifest.xml:16:9-33
32        android:supportsRtl="true"
32-->[com.facebook.android:facebook-login:13.1.0] AndroidManifest.xml:28:18-44
33        android:theme="@style/Theme.AppCompat.NoActionBar" >
33-->[:flutter_barcode_scanner] AndroidManifest.xml:17:9-59
34        <activity
35            android:name="com.example.flutter1.MainActivity"
36            android:configChanges="orientation|keyboardHidden|keyboard|screenSize|smallestScreenSize|locale|layoutDirection|fontScale|screenLayout|density|uiMode"
37            android:exported="true"
38            android:hardwareAccelerated="true"
39            android:launchMode="singleTop"
40            android:theme="@style/LaunchTheme"
41            android:windowSoftInputMode="adjustResize" >
42
43            <!--
44                 Specifies an Android theme to apply to this Activity as soon as
45                 the Android process has started. This theme is visible to the user
46                 while the Flutter UI initializes. After that, this theme continues
47                 to determine the Window background behind the Flutter UI.
48            -->
49            <meta-data
50                android:name="io.flutter.embedding.android.NormalTheme"
51                android:resource="@style/NormalTheme" />
52
53            <intent-filter>
54                <action android:name="android.intent.action.MAIN" />
55
56                <category android:name="android.intent.category.LAUNCHER" />
57            </intent-filter>
58        </activity>
59        <!--
60             Don't delete the meta-data below.
61             This is used by the Flutter tool to generate GeneratedPluginRegistrant.java
62        -->
63        <meta-data
64            android:name="flutterEmbedding"
65            android:value="2" />
66
67        <service
67-->[:firebase_analytics] AndroidManifest.xml:12:9-16:19
68            android:name="com.google.firebase.components.ComponentDiscoveryService"
68-->[:firebase_analytics] AndroidManifest.xml:12:18-89
69            android:directBootAware="true"
69-->[com.google.firebase:firebase-common:20.1.0] AndroidManifest.xml:35:13-43
70            android:exported="false" >
70-->[com.google.firebase:firebase-firestore-ktx:24.1.0] AndroidManifest.xml:14:13-37
71            <meta-data
71-->[:firebase_analytics] AndroidManifest.xml:13:13-15:85
72                android:name="com.google.firebase.components:io.flutter.plugins.firebase.analytics.FlutterFirebaseAppRegistrar"
72-->[:firebase_analytics] AndroidManifest.xml:14:17-128
73                android:value="com.google.firebase.components.ComponentRegistrar" />
73-->[:firebase_analytics] AndroidManifest.xml:15:17-82
74            <meta-data
74-->[:firebase_auth] AndroidManifest.xml:9:13-11:85
75                android:name="com.google.firebase.components:io.flutter.plugins.firebase.auth.FlutterFirebaseAuthRegistrar"
75-->[:firebase_auth] AndroidManifest.xml:10:17-124
76                android:value="com.google.firebase.components.ComponentRegistrar" />
76-->[:firebase_auth] AndroidManifest.xml:11:17-82
77            <meta-data
77-->[:firebase_storage] AndroidManifest.xml:9:13-11:85
78                android:name="com.google.firebase.components:io.flutter.plugins.firebase.storage.FlutterFirebaseAppRegistrar"
78-->[:firebase_storage] AndroidManifest.xml:10:17-126
79                android:value="com.google.firebase.components.ComponentRegistrar" />
79-->[:firebase_storage] AndroidManifest.xml:11:17-82
80            <meta-data
80-->[:cloud_firestore] AndroidManifest.xml:9:13-11:85
81                android:name="com.google.firebase.components:io.flutter.plugins.firebase.firestore.FlutterFirebaseFirestoreRegistrar"
81-->[:cloud_firestore] AndroidManifest.xml:10:17-134
82                android:value="com.google.firebase.components.ComponentRegistrar" />
82-->[:cloud_firestore] AndroidManifest.xml:11:17-82
83            <meta-data
83-->[:firebase_core] AndroidManifest.xml:9:13-11:85
84                android:name="com.google.firebase.components:io.flutter.plugins.firebase.core.FlutterFirebaseCoreRegistrar"
84-->[:firebase_core] AndroidManifest.xml:10:17-124
85                android:value="com.google.firebase.components.ComponentRegistrar" />
85-->[:firebase_core] AndroidManifest.xml:11:17-82
86            <meta-data
86-->[com.google.firebase:firebase-firestore-ktx:24.1.0] AndroidManifest.xml:15:13-17:85
87                android:name="com.google.firebase.components:com.google.firebase.firestore.ktx.FirebaseFirestoreKtxRegistrar"
87-->[com.google.firebase:firebase-firestore-ktx:24.1.0] AndroidManifest.xml:16:17-126
88                android:value="com.google.firebase.components.ComponentRegistrar" />
88-->[com.google.firebase:firebase-firestore-ktx:24.1.0] AndroidManifest.xml:17:17-82
89            <meta-data
89-->[com.google.firebase:firebase-common-ktx:20.1.0] AndroidManifest.xml:15:13-17:85
90                android:name="com.google.firebase.components:com.google.firebase.ktx.FirebaseCommonKtxRegistrar"
90-->[com.google.firebase:firebase-common-ktx:20.1.0] AndroidManifest.xml:16:17-113
91                android:value="com.google.firebase.components.ComponentRegistrar" />
91-->[com.google.firebase:firebase-common-ktx:20.1.0] AndroidManifest.xml:17:17-82
92            <meta-data
92-->[com.google.firebase:firebase-auth:21.0.3] AndroidManifest.xml:67:13-69:85
93                android:name="com.google.firebase.components:com.google.firebase.auth.FirebaseAuthRegistrar"
93-->[com.google.firebase:firebase-auth:21.0.3] AndroidManifest.xml:68:17-109
94                android:value="com.google.firebase.components.ComponentRegistrar" />
94-->[com.google.firebase:firebase-auth:21.0.3] AndroidManifest.xml:69:17-82
95            <meta-data
95-->[com.google.firebase:firebase-firestore:24.1.0] AndroidManifest.xml:20:13-22:85
96                android:name="com.google.firebase.components:com.google.firebase.firestore.FirestoreRegistrar"
96-->[com.google.firebase:firebase-firestore:24.1.0] AndroidManifest.xml:21:17-111
97                android:value="com.google.firebase.components.ComponentRegistrar" />
97-->[com.google.firebase:firebase-firestore:24.1.0] AndroidManifest.xml:22:17-82
98            <meta-data
98-->[com.google.firebase:firebase-storage:20.0.1] AndroidManifest.xml:33:13-35:85
99                android:name="com.google.firebase.components:com.google.firebase.storage.StorageRegistrar"
99-->[com.google.firebase:firebase-storage:20.0.1] AndroidManifest.xml:34:17-107
100                android:value="com.google.firebase.components.ComponentRegistrar" />
100-->[com.google.firebase:firebase-storage:20.0.1] AndroidManifest.xml:35:17-82
101            <meta-data
101-->[com.google.android.gms:play-services-measurement-api:20.1.2] AndroidManifest.xml:31:13-33:85
102                android:name="com.google.firebase.components:com.google.firebase.analytics.connector.internal.AnalyticsConnectorRegistrar"
102-->[com.google.android.gms:play-services-measurement-api:20.1.2] AndroidManifest.xml:32:17-139
103                android:value="com.google.firebase.components.ComponentRegistrar" />
103-->[com.google.android.gms:play-services-measurement-api:20.1.2] AndroidManifest.xml:33:17-82
104            <meta-data
104-->[com.google.firebase:firebase-installations:17.0.1] AndroidManifest.xml:18:13-20:85
105                android:name="com.google.firebase.components:com.google.firebase.installations.FirebaseInstallationsRegistrar"
105-->[com.google.firebase:firebase-installations:17.0.1] AndroidManifest.xml:19:17-127
106                android:value="com.google.firebase.components.ComponentRegistrar" />
106-->[com.google.firebase:firebase-installations:17.0.1] AndroidManifest.xml:20:17-82
107        </service>
108
109        <provider
109-->[:image_picker] AndroidManifest.xml:8:9-16:20
110            android:name="io.flutter.plugins.imagepicker.ImagePickerFileProvider"
110-->[:image_picker] AndroidManifest.xml:9:13-82
111            android:authorities="com.example.inmyhome.flutter.image_provider"
111-->[:image_picker] AndroidManifest.xml:10:13-74
112            android:exported="false"
112-->[:image_picker] AndroidManifest.xml:11:13-37
113            android:grantUriPermissions="true" >
113-->[:image_picker] AndroidManifest.xml:12:13-47
114            <meta-data
114-->[:image_picker] AndroidManifest.xml:13:13-15:75
115                android:name="android.support.FILE_PROVIDER_PATHS"
115-->[:image_picker] AndroidManifest.xml:14:17-67
116                android:resource="@xml/flutter_image_picker_file_paths" />
116-->[:image_picker] AndroidManifest.xml:15:17-72
117        </provider>
118
119        <activity android:name="com.amolg.flutterbarcodescanner.BarcodeCaptureActivity" />
119-->[:flutter_barcode_scanner] AndroidManifest.xml:18:9-91
119-->[:flutter_barcode_scanner] AndroidManifest.xml:18:19-88
120
121        <uses-library
121-->[androidx.window:window:1.0.0-beta04] AndroidManifest.xml:25:9-27:40
122            android:name="androidx.window.extensions"
122-->[androidx.window:window:1.0.0-beta04] AndroidManifest.xml:26:13-54
123            android:required="false" />
123-->[androidx.window:window:1.0.0-beta04] AndroidManifest.xml:27:13-37
124        <uses-library
124-->[androidx.window:window:1.0.0-beta04] AndroidManifest.xml:28:9-30:40
125            android:name="androidx.window.sidecar"
125-->[androidx.window:window:1.0.0-beta04] AndroidManifest.xml:29:13-51
126            android:required="false" />
126-->[androidx.window:window:1.0.0-beta04] AndroidManifest.xml:30:13-37
127
128        <activity
128-->[com.google.firebase:firebase-auth:21.0.3] AndroidManifest.xml:27:9-44:20
129            android:name="com.google.firebase.auth.internal.GenericIdpActivity"
129-->[com.google.firebase:firebase-auth:21.0.3] AndroidManifest.xml:28:13-80
130            android:excludeFromRecents="true"
130-->[com.google.firebase:firebase-auth:21.0.3] AndroidManifest.xml:29:13-46
131            android:exported="true"
131-->[com.google.firebase:firebase-auth:21.0.3] AndroidManifest.xml:30:13-36
132            android:launchMode="singleTask"
132-->[com.google.firebase:firebase-auth:21.0.3] AndroidManifest.xml:31:13-44
133            android:theme="@android:style/Theme.Translucent.NoTitleBar" >
133-->[com.google.firebase:firebase-auth:21.0.3] AndroidManifest.xml:32:13-72
134            <intent-filter>
134-->[com.google.firebase:firebase-auth:21.0.3] AndroidManifest.xml:33:13-43:29
135                <action android:name="android.intent.action.VIEW" />
135-->[com.google.firebase:firebase-auth:21.0.3] AndroidManifest.xml:34:17-69
135-->[com.google.firebase:firebase-auth:21.0.3] AndroidManifest.xml:34:25-66
136
137                <category android:name="android.intent.category.DEFAULT" />
137-->[com.google.firebase:firebase-auth:21.0.3] AndroidManifest.xml:36:17-76
137-->[com.google.firebase:firebase-auth:21.0.3] AndroidManifest.xml:36:27-73
138                <category android:name="android.intent.category.BROWSABLE" />
138-->[com.google.firebase:firebase-auth:21.0.3] AndroidManifest.xml:37:17-78
138-->[com.google.firebase:firebase-auth:21.0.3] AndroidManifest.xml:37:27-75
139
140                <data
140-->[com.google.firebase:firebase-auth:21.0.3] AndroidManifest.xml:39:17-42:51
141                    android:host="firebase.auth"
141-->[com.google.firebase:firebase-auth:21.0.3] AndroidManifest.xml:40:21-49
142                    android:path="/"
142-->[com.google.firebase:firebase-auth:21.0.3] AndroidManifest.xml:41:21-37
143                    android:scheme="genericidp" />
143-->[com.google.firebase:firebase-auth:21.0.3] AndroidManifest.xml:42:21-48
144            </intent-filter>
145        </activity>
146        <activity
146-->[com.google.firebase:firebase-auth:21.0.3] AndroidManifest.xml:45:9-62:20
147            android:name="com.google.firebase.auth.internal.RecaptchaActivity"
147-->[com.google.firebase:firebase-auth:21.0.3] AndroidManifest.xml:46:13-79
148            android:excludeFromRecents="true"
148-->[com.google.firebase:firebase-auth:21.0.3] AndroidManifest.xml:47:13-46
149            android:exported="true"
149-->[com.google.firebase:firebase-auth:21.0.3] AndroidManifest.xml:48:13-36
150            android:launchMode="singleTask"
150-->[com.google.firebase:firebase-auth:21.0.3] AndroidManifest.xml:49:13-44
151            android:theme="@android:style/Theme.Translucent.NoTitleBar" >
151-->[com.google.firebase:firebase-auth:21.0.3] AndroidManifest.xml:50:13-72
152            <intent-filter>
152-->[com.google.firebase:firebase-auth:21.0.3] AndroidManifest.xml:51:13-61:29
153                <action android:name="android.intent.action.VIEW" />
153-->[com.google.firebase:firebase-auth:21.0.3] AndroidManifest.xml:34:17-69
153-->[com.google.firebase:firebase-auth:21.0.3] AndroidManifest.xml:34:25-66
154
155                <category android:name="android.intent.category.DEFAULT" />
155-->[com.google.firebase:firebase-auth:21.0.3] AndroidManifest.xml:36:17-76
155-->[com.google.firebase:firebase-auth:21.0.3] AndroidManifest.xml:36:27-73
156                <category android:name="android.intent.category.BROWSABLE" />
156-->[com.google.firebase:firebase-auth:21.0.3] AndroidManifest.xml:37:17-78
156-->[com.google.firebase:firebase-auth:21.0.3] AndroidManifest.xml:37:27-75
157
158                <data
158-->[com.google.firebase:firebase-auth:21.0.3] AndroidManifest.xml:39:17-42:51
159                    android:host="firebase.auth"
159-->[com.google.firebase:firebase-auth:21.0.3] AndroidManifest.xml:40:21-49
160                    android:path="/"
160-->[com.google.firebase:firebase-auth:21.0.3] AndroidManifest.xml:41:21-37
161                    android:scheme="recaptcha" />
161-->[com.google.firebase:firebase-auth:21.0.3] AndroidManifest.xml:42:21-48
162            </intent-filter>
163        </activity>
164
165        <provider
165-->[com.google.firebase:firebase-common:20.1.0] AndroidManifest.xml:26:9-31:39
166            android:name="com.google.firebase.provider.FirebaseInitProvider"
166-->[com.google.firebase:firebase-common:20.1.0] AndroidManifest.xml:27:13-77
167            android:authorities="com.example.inmyhome.firebaseinitprovider"
167-->[com.google.firebase:firebase-common:20.1.0] AndroidManifest.xml:28:13-72
168            android:directBootAware="true"
168-->[com.google.firebase:firebase-common:20.1.0] AndroidManifest.xml:29:13-43
169            android:exported="false"
169-->[com.google.firebase:firebase-common:20.1.0] AndroidManifest.xml:30:13-37
170            android:initOrder="100" />
170-->[com.google.firebase:firebase-common:20.1.0] AndroidManifest.xml:31:13-36
171
172        <activity
172-->[com.facebook.android:facebook-common:13.1.0] AndroidManifest.xml:30:9-33:66
173            android:name="com.facebook.FacebookActivity"
173-->[com.facebook.android:facebook-common:13.1.0] AndroidManifest.xml:31:13-57
174            android:configChanges="keyboard|keyboardHidden|screenLayout|screenSize|orientation"
174-->[com.facebook.android:facebook-common:13.1.0] AndroidManifest.xml:32:13-96
175            android:theme="@style/com_facebook_activity_theme" />
175-->[com.facebook.android:facebook-common:13.1.0] AndroidManifest.xml:33:13-63
176        <activity android:name="com.facebook.CustomTabMainActivity" />
176-->[com.facebook.android:facebook-common:13.1.0] AndroidManifest.xml:34:9-71
176-->[com.facebook.android:facebook-common:13.1.0] AndroidManifest.xml:34:19-68
177        <activity
177-->[com.facebook.android:facebook-common:13.1.0] AndroidManifest.xml:35:9-49:20
178            android:name="com.facebook.CustomTabActivity"
178-->[com.facebook.android:facebook-common:13.1.0] AndroidManifest.xml:36:13-58
179            android:exported="true" >
179-->[com.facebook.android:facebook-common:13.1.0] AndroidManifest.xml:37:13-36
180            <intent-filter>
180-->[com.facebook.android:facebook-common:13.1.0] AndroidManifest.xml:39:13-48:29
181                <action android:name="android.intent.action.VIEW" />
181-->[com.google.firebase:firebase-auth:21.0.3] AndroidManifest.xml:34:17-69
181-->[com.google.firebase:firebase-auth:21.0.3] AndroidManifest.xml:34:25-66
182
183                <category android:name="android.intent.category.DEFAULT" />
183-->[com.google.firebase:firebase-auth:21.0.3] AndroidManifest.xml:36:17-76
183-->[com.google.firebase:firebase-auth:21.0.3] AndroidManifest.xml:36:27-73
184                <category android:name="android.intent.category.BROWSABLE" />
184-->[com.google.firebase:firebase-auth:21.0.3] AndroidManifest.xml:37:17-78
184-->[com.google.firebase:firebase-auth:21.0.3] AndroidManifest.xml:37:27-75
185
186                <data
186-->[com.google.firebase:firebase-auth:21.0.3] AndroidManifest.xml:39:17-42:51
187                    android:host="cct.com.example.inmyhome"
187-->[com.google.firebase:firebase-auth:21.0.3] AndroidManifest.xml:40:21-49
188                    android:scheme="fbconnect" />
188-->[com.google.firebase:firebase-auth:21.0.3] AndroidManifest.xml:42:21-48
189            </intent-filter>
190        </activity>
191        <!--
192         The initialization ContentProvider will call FacebookSdk.sdkInitialize automatically
193         with the application context. This config is merged in with the host app's manifest,
194         but there can only be one provider with the same authority activated at any given
195         point; so if the end user has two or more different apps that use Facebook SDK, only the
196         first one will be able to use the provider. To work around this problem, we use the
197         following placeholder in the authority to identify each host application as if it was
198         a completely different provider.
199        -->
200        <provider
200-->[com.facebook.android:facebook-core:13.1.0] AndroidManifest.xml:41:9-44:40
201            android:name="com.facebook.internal.FacebookInitProvider"
201-->[com.facebook.android:facebook-core:13.1.0] AndroidManifest.xml:42:13-70
202            android:authorities="com.example.inmyhome.FacebookInitProvider"
202-->[com.facebook.android:facebook-core:13.1.0] AndroidManifest.xml:43:13-72
203            android:exported="false" />
203-->[com.facebook.android:facebook-core:13.1.0] AndroidManifest.xml:44:13-37
204
205        <receiver
205-->[com.facebook.android:facebook-core:13.1.0] AndroidManifest.xml:46:9-52:20
206            android:name="com.facebook.CurrentAccessTokenExpirationBroadcastReceiver"
206-->[com.facebook.android:facebook-core:13.1.0] AndroidManifest.xml:47:13-86
207            android:exported="false" >
207-->[com.facebook.android:facebook-core:13.1.0] AndroidManifest.xml:48:13-37
208            <intent-filter>
208-->[com.facebook.android:facebook-core:13.1.0] AndroidManifest.xml:49:13-51:29
209                <action android:name="com.facebook.sdk.ACTION_CURRENT_ACCESS_TOKEN_CHANGED" />
209-->[com.facebook.android:facebook-core:13.1.0] AndroidManifest.xml:50:17-95
209-->[com.facebook.android:facebook-core:13.1.0] AndroidManifest.xml:50:25-92
210            </intent-filter>
211        </receiver>
212        <receiver
212-->[com.facebook.android:facebook-core:13.1.0] AndroidManifest.xml:53:9-59:20
213            android:name="com.facebook.AuthenticationTokenManager$CurrentAuthenticationTokenChangedBroadcastReceiver"
213-->[com.facebook.android:facebook-core:13.1.0] AndroidManifest.xml:54:13-118
214            android:exported="false" >
214-->[com.facebook.android:facebook-core:13.1.0] AndroidManifest.xml:55:13-37
215            <intent-filter>
215-->[com.facebook.android:facebook-core:13.1.0] AndroidManifest.xml:56:13-58:29
216                <action android:name="com.facebook.sdk.ACTION_CURRENT_AUTHENTICATION_TOKEN_CHANGED" />
216-->[com.facebook.android:facebook-core:13.1.0] AndroidManifest.xml:57:17-103
216-->[com.facebook.android:facebook-core:13.1.0] AndroidManifest.xml:57:25-100
217            </intent-filter>
218        </receiver>
219
220        <activity
220-->[com.google.android.gms:play-services-auth:20.0.1] AndroidManifest.xml:23:9-27:75
221            android:name="com.google.android.gms.auth.api.signin.internal.SignInHubActivity"
221-->[com.google.android.gms:play-services-auth:20.0.1] AndroidManifest.xml:24:13-93
222            android:excludeFromRecents="true"
222-->[com.google.android.gms:play-services-auth:20.0.1] AndroidManifest.xml:25:13-46
223            android:exported="false"
223-->[com.google.android.gms:play-services-auth:20.0.1] AndroidManifest.xml:26:13-37
224            android:theme="@android:style/Theme.Translucent.NoTitleBar" />
224-->[com.google.android.gms:play-services-auth:20.0.1] AndroidManifest.xml:27:13-72
225        <!--
226            Service handling Google Sign-In user revocation. For apps that do not integrate with
227            Google Sign-In, this service will never be started.
228        -->
229        <service
229-->[com.google.android.gms:play-services-auth:20.0.1] AndroidManifest.xml:33:9-37:51
230            android:name="com.google.android.gms.auth.api.signin.RevocationBoundService"
230-->[com.google.android.gms:play-services-auth:20.0.1] AndroidManifest.xml:34:13-89
231            android:exported="true"
231-->[com.google.android.gms:play-services-auth:20.0.1] AndroidManifest.xml:35:13-36
232            android:permission="com.google.android.gms.auth.api.signin.permission.REVOCATION_NOTIFICATION"
232-->[com.google.android.gms:play-services-auth:20.0.1] AndroidManifest.xml:36:13-107
233            android:visibleToInstantApps="true" />
233-->[com.google.android.gms:play-services-auth:20.0.1] AndroidManifest.xml:37:13-48
234
235        <activity
235-->[com.google.android.gms:play-services-base:18.0.1] AndroidManifest.xml:20:9-22:45
236            android:name="com.google.android.gms.common.api.GoogleApiActivity"
236-->[com.google.android.gms:play-services-base:18.0.1] AndroidManifest.xml:20:19-85
237            android:exported="false"
237-->[com.google.android.gms:play-services-base:18.0.1] AndroidManifest.xml:22:19-43
238            android:theme="@android:style/Theme.Translucent.NoTitleBar" />
238-->[com.google.android.gms:play-services-base:18.0.1] AndroidManifest.xml:21:19-78
239
240        <receiver
240-->[com.google.android.gms:play-services-measurement:20.1.2] AndroidManifest.xml:29:9-33:20
241            android:name="com.google.android.gms.measurement.AppMeasurementReceiver"
241-->[com.google.android.gms:play-services-measurement:20.1.2] AndroidManifest.xml:30:13-85
242            android:enabled="true"
242-->[com.google.android.gms:play-services-measurement:20.1.2] AndroidManifest.xml:31:13-35
243            android:exported="false" >
243-->[com.google.android.gms:play-services-measurement:20.1.2] AndroidManifest.xml:32:13-37
244        </receiver>
245
246        <service
246-->[com.google.android.gms:play-services-measurement:20.1.2] AndroidManifest.xml:35:9-38:40
247            android:name="com.google.android.gms.measurement.AppMeasurementService"
247-->[com.google.android.gms:play-services-measurement:20.1.2] AndroidManifest.xml:36:13-84
248            android:enabled="true"
248-->[com.google.android.gms:play-services-measurement:20.1.2] AndroidManifest.xml:37:13-35
249            android:exported="false" />
249-->[com.google.android.gms:play-services-measurement:20.1.2] AndroidManifest.xml:38:13-37
250        <service
250-->[com.google.android.gms:play-services-measurement:20.1.2] AndroidManifest.xml:39:9-43:72
251            android:name="com.google.android.gms.measurement.AppMeasurementJobService"
251-->[com.google.android.gms:play-services-measurement:20.1.2] AndroidManifest.xml:40:13-87
252            android:enabled="true"
252-->[com.google.android.gms:play-services-measurement:20.1.2] AndroidManifest.xml:41:13-35
253            android:exported="false"
253-->[com.google.android.gms:play-services-measurement:20.1.2] AndroidManifest.xml:42:13-37
254            android:permission="android.permission.BIND_JOB_SERVICE" />
254-->[com.google.android.gms:play-services-measurement:20.1.2] AndroidManifest.xml:43:13-69
255
256        <meta-data
256-->[com.google.android.gms:play-services-basement:18.0.0] AndroidManifest.xml:21:9-23:69
257            android:name="com.google.android.gms.version"
257-->[com.google.android.gms:play-services-basement:18.0.0] AndroidManifest.xml:22:13-58
258            android:value="@integer/google_play_services_version" />
258-->[com.google.android.gms:play-services-basement:18.0.0] AndroidManifest.xml:23:13-66
259    </application>
260
261</manifest>